[debug] [2024-12-15T09:50:20.116Z] ----------------------------------------------------------------------
[debug] [2024-12-15T09:50:20.121Z] Command:       /opt/homebrew/Cellar/node/23.2.0_1/bin/node /opt/homebrew/bin/firebase init
[debug] [2024-12-15T09:50:20.122Z] CLI Version:   13.29.1
[debug] [2024-12-15T09:50:20.122Z] Platform:      darwin
[debug] [2024-12-15T09:50:20.122Z] Node Version:  v23.2.0
[debug] [2024-12-15T09:50:20.122Z] Time:          Sun Dec 15 2024 11:50:20 GMT+0200 (Eastern European Standard Time)
[debug] [2024-12-15T09:50:20.122Z] ----------------------------------------------------------------------
[debug] 
[debug] [2024-12-15T09:50:20.123Z] >>> [apiv2][query] GET https://firebase-public.firebaseio.com/cli.json [none]
[debug] [2024-12-15T09:50:20.169Z] > command requires scopes: ["email","openid","https://www.googleapis.com/auth/cloudplatformprojects.readonly","https://www.googleapis.com/auth/firebase","https://www.googleapis.com/auth/cloud-platform"]
[debug] [2024-12-15T09:50:20.169Z] > authorizing via signed-in user (jerrynkongolo1@gmail.com)
[info] 
     ######## #### ########  ######## ########     ###     ######  ########
     ##        ##  ##     ## ##       ##     ##  ##   ##  ##       ##
     ######    ##  ########  ######   ########  #########  ######  ######
     ##        ##  ##    ##  ##       ##     ## ##     ##       ## ##
     ##       #### ##     ## ######## ########  ##     ##  ######  ########

You're about to initialize a Firebase project in this directory:

  /Users/jerrynkongolo

Before we get started, keep in mind:

  * You are initializing within an existing Firebase project directory

[debug] [2024-12-15T09:50:20.497Z] <<< [apiv2][status] GET https://firebase-public.firebaseio.com/cli.json 200
[debug] [2024-12-15T09:50:20.498Z] <<< [apiv2][body] GET https://firebase-public.firebaseio.com/cli.json {"cloudBuildErrorAfter":1594252800000,"cloudBuildWarnAfter":1590019200000,"defaultNode10After":1594252800000,"minVersion":"3.0.5","node8DeploysDisabledAfter":1613390400000,"node8RuntimeDisabledAfter":1615809600000,"node8WarnAfter":1600128000000}
